# JRE version: Java(TM) SE Runtime Environment (17.0.6+9) (build 17.0.6+9-LTS-190)
# Java VM: Java HotSpot(TM) 64-Bit Server VM (17.0.6+9-LTS-190, mixed mode, sharing, tiered, compressed oops, compressed class ptrs, g1 gc, windows-amd64)
GC Precious Log:
 CPUs: 8 total, 8 available
 Memory: 8025M
 Large Page Support: Disabled
 NUMA Support: Disabled
 Compressed Oops: Enabled (32-bit)
 Heap Region Size: 1M
 Heap Min Capacity: 8M
 Heap Initial Capacity: 126M
 Heap Max Capacity: 2008M
 Pre-touch: Disabled
 Parallel Workers: 8
 Concurrent Workers: 2
 Concurrent Refinement Workers: 8
 Periodic GC: Disabled
Heap:
 garbage-first heap   total 99328K, used 47697K [0x0000000082800000, 0x0000000100000000)
  region size 1024K, 26 young (26624K), 5 survivors (5120K)
 Metaspace       used 62672K, committed 63168K, reserved 1105920K
  class space    used 8915K, committed 9152K, reserved 1048576K
GC Heap History (20 events):
Event: 4.000 GC heap before
{Heap before GC invocations=5 (full 0):
 garbage-first heap   total 61440K, used 46868K [0x0000000082800000, 0x0000000100000000)
  region size 1024K, 36 young (36864K), 7 survivors (7168K)
 Metaspace       used 24971K, committed 25280K, reserved 1073152K
  class space    used 3319K, committed 3456K, reserved 1048576K
}
Event: 4.012 GC heap after
{Heap after GC invocations=6 (full 0):
 garbage-first heap   total 61440K, used 19498K [0x0000000082800000, 0x0000000100000000)
  region size 1024K, 5 young (5120K), 5 survivors (5120K)
 Metaspace       used 24971K, committed 25280K, reserved 1073152K
  class space    used 3319K, committed 3456K, reserved 1048576K
}
Event: 4.046 GC heap before
{Heap before GC invocations=6 (full 0):
 garbage-first heap   total 61440K, used 20522K [0x0000000082800000, 0x0000000100000000)
  region size 1024K, 6 young (6144K), 5 survivors (5120K)
 Metaspace       used 25146K, committed 25536K, reserved 1073152K
  class space    used 3339K, committed 3520K, reserved 1048576K
}
Event: 4.054 GC heap after
{Heap after GC invocations=7 (full 0):
 garbage-first heap   total 61440K, used 20205K [0x0000000082800000, 0x0000000100000000)
  region size 1024K, 1 young (1024K), 1 survivors (1024K)
 Metaspace       used 25146K, committed 25536K, reserved 1073152K
  class space    used 3339K, committed 3520K, reserved 1048576K
}
Event: 4.793 GC heap before
{Heap before GC invocations=7 (full 0):
 garbage-first heap   total 61440K, used 43757K [0x0000000082800000, 0x0000000100000000)
  region size 1024K, 24 young (24576K), 1 survivors (1024K)
 Metaspace       used 28865K, committed 29248K, reserved 1081344K
  class space    used 3918K, committed 4096K, reserved 1048576K
}
Event: 4.797 GC heap after
{Heap after GC invocations=8 (full 0):
 garbage-first heap   total 61440K, used 20515K [0x0000000082800000, 0x0000000100000000)
  region size 1024K, 2 young (2048K), 2 survivors (2048K)
 Metaspace       used 28865K, committed 29248K, reserved 1081344K
  class space    used 3918K, committed 4096K, reserved 1048576K
}
Event: 6.594 GC heap before
{Heap before GC invocations=8 (full 0):
 garbage-first heap   total 61440K, used 43043K [0x0000000082800000, 0x0000000100000000)
  region size 1024K, 25 young (25600K), 2 survivors (2048K)
 Metaspace       used 34073K, committed 34496K, reserved 1081344K
  class space    used 4541K, committed 4736K, reserved 1048576K
}
Event: 6.599 GC heap after
{Heap after GC invocations=9 (full 0):
 garbage-first heap   total 61440K, used 21910K [0x0000000082800000, 0x0000000100000000)
  region size 1024K, 3 young (3072K), 3 survivors (3072K)
 Metaspace       used 34073K, committed 34496K, reserved 1081344K
  class space    used 4541K, committed 4736K, reserved 1048576K
}
Event: 9.237 GC heap before
{Heap before GC invocations=9 (full 0):
 garbage-first heap   total 61440K, used 32150K [0x0000000082800000, 0x0000000100000000)
  region size 1024K, 14 young (14336K), 3 survivors (3072K)
 Metaspace       used 35815K, committed 36160K, reserved 1081344K
  class space    used 4753K, committed 4928K, reserved 1048576K
}
Event: 9.242 GC heap after
{Heap after GC invocations=10 (full 0):
 garbage-first heap   total 61440K, used 22748K [0x0000000082800000, 0x0000000100000000)
  region size 1024K, 3 young (3072K), 3 survivors (3072K)
 Metaspace       used 35815K, committed 36160K, reserved 1081344K
  class space    used 4753K, committed 4928K, reserved 1048576K
}
Event: 10.014 GC heap before
{Heap before GC invocations=11 (full 0):
 garbage-first heap   total 61440K, used 45276K [0x0000000082800000, 0x0000000100000000)
  region size 1024K, 25 young (25600K), 3 survivors (3072K)
 Metaspace       used 39274K, committed 39680K, reserved 1089536K
  class space    used 5322K, committed 5504K, reserved 1048576K
}
Event: 10.018 GC heap after
{Heap after GC invocations=12 (full 0):
 garbage-first heap   total 103424K, used 23331K [0x0000000082800000, 0x0000000100000000)
  region size 1024K, 2 young (2048K), 2 survivors (2048K)
 Metaspace       used 39274K, committed 39680K, reserved 1089536K
  class space    used 5322K, committed 5504K, reserved 1048576K
}
Event: 10.101 GC heap before
{Heap before GC invocations=12 (full 0):
 garbage-first heap   total 103424K, used 26403K [0x0000000082800000, 0x0000000100000000)
  region size 1024K, 5 young (5120K), 2 survivors (2048K)
 Metaspace       used 39707K, committed 40064K, reserved 1089536K
  class space    used 5411K, committed 5568K, reserved 1048576K
}
Event: 10.105 GC heap after
{Heap after GC invocations=13 (full 0):
 garbage-first heap   total 103424K, used 23230K [0x0000000082800000, 0x0000000100000000)
  region size 1024K, 1 young (1024K), 1 survivors (1024K)
 Metaspace       used 39707K, committed 40064K, reserved 1089536K
  class space    used 5411K, committed 5568K, reserved 1048576K
}
Event: 12.100 GC heap before
{Heap before GC invocations=13 (full 0):
 garbage-first heap   total 103424K, used 76478K [0x0000000082800000, 0x0000000100000000)
  region size 1024K, 53 young (54272K), 1 survivors (1024K)
 Metaspace       used 48451K, committed 48832K, reserved 1097728K
  class space    used 6663K, committed 6848K, reserved 1048576K
}
Event: 12.105 GC heap after
{Heap after GC invocations=14 (full 0):
 garbage-first heap   total 103424K, used 24845K [0x0000000082800000, 0x0000000100000000)
  region size 1024K, 2 young (2048K), 2 survivors (2048K)
 Metaspace       used 48451K, committed 48832K, reserved 1097728K
  class space    used 6663K, committed 6848K, reserved 1048576K
}
Event: 14.200 GC heap before
{Heap before GC invocations=14 (full 0):
 garbage-first heap   total 103424K, used 79117K [0x0000000082800000, 0x0000000100000000)
  region size 1024K, 55 young (56320K), 2 survivors (2048K)
 Metaspace       used 58595K, committed 59136K, reserved 1105920K
  class space    used 8237K, committed 8512K, reserved 1048576K
}
Event: 14.208 GC heap after
{Heap after GC invocations=15 (full 0):
 garbage-first heap   total 103424K, used 26797K [0x0000000082800000, 0x0000000100000000)
  region size 1024K, 4 young (4096K), 4 survivors (4096K)
 Metaspace       used 58595K, committed 59136K, reserved 1105920K
  class space    used 8237K, committed 8512K, reserved 1048576K
}
Event: 14.503 GC heap before
{Heap before GC invocations=15 (full 0):
 garbage-first heap   total 103424K, used 33965K [0x0000000082800000, 0x0000000100000000)
  region size 1024K, 12 young (12288K), 4 survivors (4096K)
 Metaspace       used 59905K, committed 60416K, reserved 1105920K
  class space    used 8381K, committed 8640K, reserved 1048576K
}
Event: 14.512 GC heap after
{Heap after GC invocations=16 (full 0):
 garbage-first heap   total 103424K, used 27217K [0x0000000082800000, 0x0000000100000000)
  region size 1024K, 5 young (5120K), 5 survivors (5120K)
 Metaspace       used 59905K, committed 60416K, reserved 1105920K
  class space    used 8381K, committed 8640K, reserved 1048576K
}

