# JRE version: OpenJDK Runtime Environment Temurin-21.0.6+7 (21.0.6+7) (build 21.0.6+7-LTS)
# Java VM: OpenJDK 64-Bit Server VM Temurin-21.0.6+7 (21.0.6+7-LTS, mixed mode, sharing, tiered, compressed oops, compressed class ptrs, parallel gc, windows-amd64)
GC Precious Log:
 CardTable entry size: 512
 CPUs: 8 total, 8 available
 Memory: 8025M
 Large Page Support: Disabled
 NUMA Support: Disabled
 Compressed Oops: Enabled (32-bit)
 Alignments: Space 512K, Generation 512K, Heap 2M
 Heap Min Capacity: 100M
 Heap Initial Capacity: 100M
 Heap Max Capacity: 1G
 Pre-touch: Disabled
 Parallel Workers: 8
Heap:
 PSYoungGen      total 23552K, used 5440K [0x00000000eab00000, 0x00000000ec580000, 0x0000000100000000)
  eden space 22016K, 19% used [0x00000000eab00000,0x00000000eaf38038,0x00000000ec080000)
  from space 1536K, 72% used [0x00000000ec400000,0x00000000ec518000,0x00000000ec580000)
  to   space 1536K, 0% used [0x00000000ec280000,0x00000000ec280000,0x00000000ec400000)
 ParOldGen       total 68608K, used 20868K [0x00000000c0000000, 0x00000000c4300000, 0x00000000eab00000)
  object space 68608K, 30% used [0x00000000c0000000,0x00000000c14613c0,0x00000000c4300000)
 Metaspace       used 41403K, committed 42560K, reserved 1114112K
  class space    used 4311K, committed 4800K, reserved 1048576K
GC Heap History (20 events):
Event: 17.944 GC heap before
{Heap before GC invocations=9 (full 1):
 PSYoungGen      total 29184K, used 24576K [0x00000000eab00000, 0x00000000ecd00000, 0x0000000100000000)
  eden space 24576K, 100% used [0x00000000eab00000,0x00000000ec300000,0x00000000ec300000)
  from space 4608K, 0% used [0x00000000ec380000,0x00000000ec380000,0x00000000ec800000)
  to   space 5120K, 0% used [0x00000000ec800000,0x00000000ec800000,0x00000000ecd00000)
 ParOldGen       total 68608K, used 13101K [0x00000000c0000000, 0x00000000c4300000, 0x00000000eab00000)
  object space 68608K, 19% used [0x00000000c0000000,0x00000000c0ccb6c8,0x00000000c4300000)
 Metaspace       used 23050K, committed 24064K, reserved 1114112K
  class space    used 2283K, committed 2688K, reserved 1048576K
}
Event: 17.947 GC heap after
{Heap after GC invocations=9 (full 1):
 PSYoungGen      total 25088K, used 737K [0x00000000eab00000, 0x00000000ec900000, 0x0000000100000000)
  eden space 24064K, 0% used [0x00000000eab00000,0x00000000eab00000,0x00000000ec280000)
  from space 1024K, 71% used [0x00000000ec800000,0x00000000ec8b84e8,0x00000000ec900000)
  to   space 2560K, 0% used [0x00000000ec400000,0x00000000ec400000,0x00000000ec680000)
 ParOldGen       total 68608K, used 13101K [0x00000000c0000000, 0x00000000c4300000, 0x00000000eab00000)
  object space 68608K, 19% used [0x00000000c0000000,0x00000000c0ccb6c8,0x00000000c4300000)
 Metaspace       used 23050K, committed 24064K, reserved 1114112K
  class space    used 2283K, committed 2688K, reserved 1048576K
}
Event: 18.507 GC heap before
{Heap before GC invocations=10 (full 1):
 PSYoungGen      total 25088K, used 24145K [0x00000000eab00000, 0x00000000ec900000, 0x0000000100000000)
  eden space 24064K, 97% used [0x00000000eab00000,0x00000000ec1dc300,0x00000000ec280000)
  from space 1024K, 71% used [0x00000000ec800000,0x00000000ec8b84e8,0x00000000ec900000)
  to   space 2560K, 0% used [0x00000000ec400000,0x00000000ec400000,0x00000000ec680000)
 ParOldGen       total 68608K, used 13101K [0x00000000c0000000, 0x00000000c4300000, 0x00000000eab00000)
  object space 68608K, 19% used [0x00000000c0000000,0x00000000c0ccb6c8,0x00000000c4300000)
 Metaspace       used 26481K, committed 27456K, reserved 1114112K
  class space    used 2546K, committed 2944K, reserved 1048576K
}
Event: 18.509 GC heap after
{Heap after GC invocations=10 (full 1):
 PSYoungGen      total 26112K, used 992K [0x00000000eab00000, 0x00000000ec880000, 0x0000000100000000)
  eden space 23552K, 0% used [0x00000000eab00000,0x00000000eab00000,0x00000000ec200000)
  from space 2560K, 38% used [0x00000000ec400000,0x00000000ec4f83f0,0x00000000ec680000)
  to   space 1536K, 0% used [0x00000000ec700000,0x00000000ec700000,0x00000000ec880000)
 ParOldGen       total 68608K, used 13101K [0x00000000c0000000, 0x00000000c4300000, 0x00000000eab00000)
  object space 68608K, 19% used [0x00000000c0000000,0x00000000c0ccb6c8,0x00000000c4300000)
 Metaspace       used 26481K, committed 27456K, reserved 1114112K
  class space    used 2546K, committed 2944K, reserved 1048576K
}
Event: 18.724 GC heap before
{Heap before GC invocations=11 (full 1):
 PSYoungGen      total 26112K, used 24544K [0x00000000eab00000, 0x00000000ec880000, 0x0000000100000000)
  eden space 23552K, 100% used [0x00000000eab00000,0x00000000ec200000,0x00000000ec200000)
  from space 2560K, 38% used [0x00000000ec400000,0x00000000ec4f83f0,0x00000000ec680000)
  to   space 1536K, 0% used [0x00000000ec700000,0x00000000ec700000,0x00000000ec880000)
 ParOldGen       total 68608K, used 13101K [0x00000000c0000000, 0x00000000c4300000, 0x00000000eab00000)
  object space 68608K, 19% used [0x00000000c0000000,0x00000000c0ccb6c8,0x00000000c4300000)
 Metaspace       used 27757K, committed 28800K, reserved 1114112K
  class space    used 2666K, committed 3072K, reserved 1048576K
}
Event: 18.726 GC heap after
{Heap after GC invocations=11 (full 1):
 PSYoungGen      total 24576K, used 1531K [0x00000000eab00000, 0x00000000ec880000, 0x0000000100000000)
  eden space 23040K, 0% used [0x00000000eab00000,0x00000000eab00000,0x00000000ec180000)
  from space 1536K, 99% used [0x00000000ec700000,0x00000000ec87eda0,0x00000000ec880000)
  to   space 3584K, 0% used [0x00000000ec180000,0x00000000ec180000,0x00000000ec500000)
 ParOldGen       total 68608K, used 14494K [0x00000000c0000000, 0x00000000c4300000, 0x00000000eab00000)
  object space 68608K, 21% used [0x00000000c0000000,0x00000000c0e27940,0x00000000c4300000)
 Metaspace       used 27757K, committed 28800K, reserved 1114112K
  class space    used 2666K, committed 3072K, reserved 1048576K
}
Event: 19.043 GC heap before
{Heap before GC invocations=12 (full 1):
 PSYoungGen      total 24576K, used 24571K [0x00000000eab00000, 0x00000000ec880000, 0x0000000100000000)
  eden space 23040K, 100% used [0x00000000eab00000,0x00000000ec180000,0x00000000ec180000)
  from space 1536K, 99% used [0x00000000ec700000,0x00000000ec87eda0,0x00000000ec880000)
  to   space 3584K, 0% used [0x00000000ec180000,0x00000000ec180000,0x00000000ec500000)
 ParOldGen       total 68608K, used 14494K [0x00000000c0000000, 0x00000000c4300000, 0x00000000eab00000)
  object space 68608K, 21% used [0x00000000c0000000,0x00000000c0e27940,0x00000000c4300000)
 Metaspace       used 31574K, committed 32576K, reserved 1114112K
  class space    used 3116K, committed 3520K, reserved 1048576K
}
Event: 19.046 GC heap after
{Heap after GC invocations=12 (full 1):
 PSYoungGen      total 26112K, used 1498K [0x00000000eab00000, 0x00000000ec780000, 0x0000000100000000)
  eden space 22528K, 0% used [0x00000000eab00000,0x00000000eab00000,0x00000000ec100000)
  from space 3584K, 41% used [0x00000000ec180000,0x00000000ec2f6b28,0x00000000ec500000)
  to   space 2048K, 0% used [0x00000000ec580000,0x00000000ec580000,0x00000000ec780000)
 ParOldGen       total 68608K, used 15837K [0x00000000c0000000, 0x00000000c4300000, 0x00000000eab00000)
  object space 68608K, 23% used [0x00000000c0000000,0x00000000c0f77748,0x00000000c4300000)
 Metaspace       used 31574K, committed 32576K, reserved 1114112K
  class space    used 3116K, committed 3520K, reserved 1048576K
}
Event: 19.262 GC heap before
{Heap before GC invocations=13 (full 1):
 PSYoungGen      total 26112K, used 24026K [0x00000000eab00000, 0x00000000ec780000, 0x0000000100000000)
  eden space 22528K, 100% used [0x00000000eab00000,0x00000000ec100000,0x00000000ec100000)
  from space 3584K, 41% used [0x00000000ec180000,0x00000000ec2f6b28,0x00000000ec500000)
  to   space 2048K, 0% used [0x00000000ec580000,0x00000000ec580000,0x00000000ec780000)
 ParOldGen       total 68608K, used 15837K [0x00000000c0000000, 0x00000000c4300000, 0x00000000eab00000)
  object space 68608K, 23% used [0x00000000c0000000,0x00000000c0f77748,0x00000000c4300000)
 Metaspace       used 33326K, committed 34432K, reserved 1114112K
  class space    used 3332K, committed 3776K, reserved 1048576K
}
Event: 19.264 GC heap after
{Heap after GC invocations=13 (full 1):
 PSYoungGen      total 23552K, used 1406K [0x00000000eab00000, 0x00000000ec700000, 0x0000000100000000)
  eden space 22016K, 0% used [0x00000000eab00000,0x00000000eab00000,0x00000000ec080000)
  from space 1536K, 91% used [0x00000000ec580000,0x00000000ec6df980,0x00000000ec700000)
  to   space 1536K, 0% used [0x00000000ec400000,0x00000000ec400000,0x00000000ec580000)
 ParOldGen       total 68608K, used 17073K [0x00000000c0000000, 0x00000000c4300000, 0x00000000eab00000)
  object space 68608K, 24% used [0x00000000c0000000,0x00000000c10ac5a0,0x00000000c4300000)
 Metaspace       used 33326K, committed 34432K, reserved 1114112K
  class space    used 3332K, committed 3776K, reserved 1048576K
}
Event: 19.346 GC heap before
{Heap before GC invocations=14 (full 1):
 PSYoungGen      total 23552K, used 14545K [0x00000000eab00000, 0x00000000ec700000, 0x0000000100000000)
  eden space 22016K, 59% used [0x00000000eab00000,0x00000000eb7d4d88,0x00000000ec080000)
  from space 1536K, 91% used [0x00000000ec580000,0x00000000ec6df980,0x00000000ec700000)
  to   space 1536K, 0% used [0x00000000ec400000,0x00000000ec400000,0x00000000ec580000)
 ParOldGen       total 68608K, used 17073K [0x00000000c0000000, 0x00000000c4300000, 0x00000000eab00000)
  object space 68608K, 24% used [0x00000000c0000000,0x00000000c10ac5a0,0x00000000c4300000)
 Metaspace       used 34771K, committed 35840K, reserved 1114112K
  class space    used 3501K, committed 3968K, reserved 1048576K
}
Event: 19.348 GC heap after
{Heap after GC invocations=14 (full 1):
 PSYoungGen      total 23040K, used 697K [0x00000000eab00000, 0x00000000ec600000, 0x0000000100000000)
  eden space 22016K, 0% used [0x00000000eab00000,0x00000000eab00000,0x00000000ec080000)
  from space 1024K, 68% used [0x00000000ec400000,0x00000000ec4ae540,0x00000000ec500000)
  to   space 1024K, 0% used [0x00000000ec500000,0x00000000ec500000,0x00000000ec600000)
 ParOldGen       total 68608K, used 18163K [0x00000000c0000000, 0x00000000c4300000, 0x00000000eab00000)
  object space 68608K, 26% used [0x00000000c0000000,0x00000000c11bcee8,0x00000000c4300000)
 Metaspace       used 34771K, committed 35840K, reserved 1114112K
  class space    used 3501K, committed 3968K, reserved 1048576K
}
Event: 19.348 GC heap before
{Heap before GC invocations=15 (full 2):
 PSYoungGen      total 23040K, used 697K [0x00000000eab00000, 0x00000000ec600000, 0x0000000100000000)
  eden space 22016K, 0% used [0x00000000eab00000,0x00000000eab00000,0x00000000ec080000)
  from space 1024K, 68% used [0x00000000ec400000,0x00000000ec4ae540,0x00000000ec500000)
  to   space 1024K, 0% used [0x00000000ec500000,0x00000000ec500000,0x00000000ec600000)
 ParOldGen       total 68608K, used 18163K [0x00000000c0000000, 0x00000000c4300000, 0x00000000eab00000)
  object space 68608K, 26% used [0x00000000c0000000,0x00000000c11bcee8,0x00000000c4300000)
 Metaspace       used 34771K, committed 35840K, reserved 1114112K
  class space    used 3501K, committed 3968K, reserved 1048576K
}
Event: 19.388 GC heap after
{Heap after GC invocations=15 (full 2):
 PSYoungGen      total 23040K, used 0K [0x00000000eab00000, 0x00000000ec600000, 0x0000000100000000)
  eden space 22016K, 0% used [0x00000000eab00000,0x00000000eab00000,0x00000000ec080000)
  from space 1024K, 0% used [0x00000000ec400000,0x00000000ec400000,0x00000000ec500000)
  to   space 1024K, 0% used [0x00000000ec500000,0x00000000ec500000,0x00000000ec600000)
 ParOldGen       total 68608K, used 18088K [0x00000000c0000000, 0x00000000c4300000, 0x00000000eab00000)
  object space 68608K, 26% used [0x00000000c0000000,0x00000000c11aa1f8,0x00000000c4300000)
 Metaspace       used 34771K, committed 35840K, reserved 1114112K
  class space    used 3501K, committed 3968K, reserved 1048576K
}
Event: 19.578 GC heap before
{Heap before GC invocations=16 (full 2):
 PSYoungGen      total 23040K, used 22016K [0x00000000eab00000, 0x00000000ec600000, 0x0000000100000000)
  eden space 22016K, 100% used [0x00000000eab00000,0x00000000ec080000,0x00000000ec080000)
  from space 1024K, 0% used [0x00000000ec400000,0x00000000ec400000,0x00000000ec500000)
  to   space 1024K, 0% used [0x00000000ec500000,0x00000000ec500000,0x00000000ec600000)
 ParOldGen       total 68608K, used 18088K [0x00000000c0000000, 0x00000000c4300000, 0x00000000eab00000)
  object space 68608K, 26% used [0x00000000c0000000,0x00000000c11aa1f8,0x00000000c4300000)
 Metaspace       used 37048K, committed 38208K, reserved 1114112K
  class space    used 3795K, committed 4288K, reserved 1048576K
}
Event: 19.581 GC heap after
{Heap after GC invocations=16 (full 2):
 PSYoungGen      total 23040K, used 992K [0x00000000eab00000, 0x00000000ec600000, 0x0000000100000000)
  eden space 22016K, 0% used [0x00000000eab00000,0x00000000eab00000,0x00000000ec080000)
  from space 1024K, 96% used [0x00000000ec500000,0x00000000ec5f8020,0x00000000ec600000)
  to   space 2048K, 0% used [0x00000000ec200000,0x00000000ec200000,0x00000000ec400000)
 ParOldGen       total 68608K, used 18712K [0x00000000c0000000, 0x00000000c4300000, 0x00000000eab00000)
  object space 68608K, 27% used [0x00000000c0000000,0x00000000c12461f8,0x00000000c4300000)
 Metaspace       used 37048K, committed 38208K, reserved 1114112K
  class space    used 3795K, committed 4288K, reserved 1048576K
}
Event: 19.885 GC heap before
{Heap before GC invocations=17 (full 2):
 PSYoungGen      total 23040K, used 23008K [0x00000000eab00000, 0x00000000ec600000, 0x0000000100000000)
  eden space 22016K, 100% used [0x00000000eab00000,0x00000000ec080000,0x00000000ec080000)
  from space 1024K, 96% used [0x00000000ec500000,0x00000000ec5f8020,0x00000000ec600000)
  to   space 2048K, 0% used [0x00000000ec200000,0x00000000ec200000,0x00000000ec400000)
 ParOldGen       total 68608K, used 18712K [0x00000000c0000000, 0x00000000c4300000, 0x00000000eab00000)
  object space 68608K, 27% used [0x00000000c0000000,0x00000000c12461f8,0x00000000c4300000)
 Metaspace       used 39478K, committed 40640K, reserved 1114112K
  class space    used 4096K, committed 4608K, reserved 1048576K
}
Event: 19.887 GC heap after
{Heap after GC invocations=17 (full 2):
 PSYoungGen      total 24064K, used 1408K [0x00000000eab00000, 0x00000000ec580000, 0x0000000100000000)
  eden space 22016K, 0% used [0x00000000eab00000,0x00000000eab00000,0x00000000ec080000)
  from space 2048K, 68% used [0x00000000ec200000,0x00000000ec360000,0x00000000ec400000)
  to   space 1536K, 0% used [0x00000000ec400000,0x00000000ec400000,0x00000000ec580000)
 ParOldGen       total 68608K, used 19680K [0x00000000c0000000, 0x00000000c4300000, 0x00000000eab00000)
  object space 68608K, 28% used [0x00000000c0000000,0x00000000c1338228,0x00000000c4300000)
 Metaspace       used 39478K, committed 40640K, reserved 1114112K
  class space    used 4096K, committed 4608K, reserved 1048576K
}
Event: 20.527 GC heap before
{Heap before GC invocations=18 (full 2):
 PSYoungGen      total 24064K, used 23424K [0x00000000eab00000, 0x00000000ec580000, 0x0000000100000000)
  eden space 22016K, 100% used [0x00000000eab00000,0x00000000ec080000,0x00000000ec080000)
  from space 2048K, 68% used [0x00000000ec200000,0x00000000ec360000,0x00000000ec400000)
  to   space 1536K, 0% used [0x00000000ec400000,0x00000000ec400000,0x00000000ec580000)
 ParOldGen       total 68608K, used 19680K [0x00000000c0000000, 0x00000000c4300000, 0x00000000eab00000)
  object space 68608K, 28% used [0x00000000c0000000,0x00000000c1338228,0x00000000c4300000)
 Metaspace       used 40842K, committed 41984K, reserved 1114112K
  class space    used 4251K, committed 4736K, reserved 1048576K
}
Event: 20.530 GC heap after
{Heap after GC invocations=18 (full 2):
 PSYoungGen      total 23552K, used 1120K [0x00000000eab00000, 0x00000000ec580000, 0x0000000100000000)
  eden space 22016K, 0% used [0x00000000eab00000,0x00000000eab00000,0x00000000ec080000)
  from space 1536K, 72% used [0x00000000ec400000,0x00000000ec518000,0x00000000ec580000)
  to   space 1536K, 0% used [0x00000000ec280000,0x00000000ec280000,0x00000000ec400000)
 ParOldGen       total 68608K, used 20868K [0x00000000c0000000, 0x00000000c4300000, 0x00000000eab00000)
  object space 68608K, 30% used [0x00000000c0000000,0x00000000c14613c0,0x00000000c4300000)
 Metaspace       used 40842K, committed 41984K, reserved 1114112K
  class space    used 4251K, committed 4736K, reserved 1048576K
}

