# JRE version: OpenJDK Runtime Environment Temurin-21.0.6+7 (21.0.6+7) (build 21.0.6+7-LTS)
# Java VM: OpenJDK 64-Bit Server VM Temurin-21.0.6+7 (21.0.6+7-LTS, mixed mode, sharing, tiered, compressed oops, compressed class ptrs, parallel gc, windows-amd64)
GC Precious Log:
 CardTable entry size: 512
 CPUs: 8 total, 8 available
 Memory: 8025M
 Large Page Support: Disabled
 NUMA Support: Disabled
 Compressed Oops: Enabled (32-bit)
 Alignments: Space 512K, Generation 512K, Heap 2M
 Heap Min Capacity: 100M
 Heap Initial Capacity: 100M
 Heap Max Capacity: 1G
 Pre-touch: Disabled
 Parallel Workers: 8
Heap:
 PSYoungGen      total 3072K, used 1629K [0x00000000eab00000, 0x00000000eaf00000, 0x0000000100000000)
  eden space 2560K, 45% used [0x00000000eab00000,0x00000000eac20a10,0x00000000ead80000)
  from space 512K, 92% used [0x00000000eae00000,0x00000000eae76c08,0x00000000eae80000)
  to   space 512K, 0% used [0x00000000eae80000,0x00000000eae80000,0x00000000eaf00000)
 ParOldGen       total 558080K, used 557888K [0x00000000c0000000, 0x00000000e2100000, 0x00000000eab00000)
  object space 558080K, 99% used [0x00000000c0000000,0x00000000e20d0268,0x00000000e2100000)
 Metaspace       used 53828K, committed 55168K, reserved 1114112K
  class space    used 5688K, committed 6336K, reserved 1048576K
GC Heap History (20 events):
Event: 83.575 GC heap before
{Heap before GC invocations=699 (full 2):
 PSYoungGen      total 3072K, used 3046K [0x00000000eab00000, 0x00000000eaf00000, 0x0000000100000000)
  eden space 2560K, 100% used [0x00000000eab00000,0x00000000ead80000,0x00000000ead80000)
  from space 512K, 94% used [0x00000000eae80000,0x00000000eaef9908,0x00000000eaf00000)
  to   space 512K, 0% used [0x00000000eae00000,0x00000000eae00000,0x00000000eae80000)
 ParOldGen       total 552448K, used 552412K [0x00000000c0000000, 0x00000000e1b80000, 0x00000000eab00000)
  object space 552448K, 99% used [0x00000000c0000000,0x00000000e1b771d0,0x00000000e1b80000)
 Metaspace       used 53828K, committed 55168K, reserved 1114112K
  class space    used 5688K, committed 6336K, reserved 1048576K
}
Event: 83.580 GC heap after
{Heap after GC invocations=699 (full 2):
 PSYoungGen      total 3072K, used 384K [0x00000000eab00000, 0x00000000eaf00000, 0x0000000100000000)
  eden space 2560K, 0% used [0x00000000eab00000,0x00000000eab00000,0x00000000ead80000)
  from space 512K, 75% used [0x00000000eae00000,0x00000000eae60000,0x00000000eae80000)
  to   space 512K, 0% used [0x00000000eae80000,0x00000000eae80000,0x00000000eaf00000)
 ParOldGen       total 552960K, used 552778K [0x00000000c0000000, 0x00000000e1c00000, 0x00000000eab00000)
  object space 552960K, 99% used [0x00000000c0000000,0x00000000e1bd29d8,0x00000000e1c00000)
 Metaspace       used 53828K, committed 55168K, reserved 1114112K
  class space    used 5688K, committed 6336K, reserved 1048576K
}
Event: 83.623 GC heap before
{Heap before GC invocations=700 (full 2):
 PSYoungGen      total 3072K, used 2944K [0x00000000eab00000, 0x00000000eaf00000, 0x0000000100000000)
  eden space 2560K, 100% used [0x00000000eab00000,0x00000000ead80000,0x00000000ead80000)
  from space 512K, 75% used [0x00000000eae00000,0x00000000eae60000,0x00000000eae80000)
  to   space 512K, 0% used [0x00000000eae80000,0x00000000eae80000,0x00000000eaf00000)
 ParOldGen       total 552960K, used 552778K [0x00000000c0000000, 0x00000000e1c00000, 0x00000000eab00000)
  object space 552960K, 99% used [0x00000000c0000000,0x00000000e1bd29d8,0x00000000e1c00000)
 Metaspace       used 53828K, committed 55168K, reserved 1114112K
  class space    used 5688K, committed 6336K, reserved 1048576K
}
Event: 83.629 GC heap after
{Heap after GC invocations=700 (full 2):
 PSYoungGen      total 3072K, used 448K [0x00000000eab00000, 0x00000000eaf00000, 0x0000000100000000)
  eden space 2560K, 0% used [0x00000000eab00000,0x00000000eab00000,0x00000000ead80000)
  from space 512K, 87% used [0x00000000eae80000,0x00000000eaef0000,0x00000000eaf00000)
  to   space 512K, 0% used [0x00000000eae00000,0x00000000eae00000,0x00000000eae80000)
 ParOldGen       total 553472K, used 553130K [0x00000000c0000000, 0x00000000e1c80000, 0x00000000eab00000)
  object space 553472K, 99% used [0x00000000c0000000,0x00000000e1c2a9d8,0x00000000e1c80000)
 Metaspace       used 53828K, committed 55168K, reserved 1114112K
  class space    used 5688K, committed 6336K, reserved 1048576K
}
Event: 83.658 GC heap before
{Heap before GC invocations=701 (full 2):
 PSYoungGen      total 3072K, used 3008K [0x00000000eab00000, 0x00000000eaf00000, 0x0000000100000000)
  eden space 2560K, 100% used [0x00000000eab00000,0x00000000ead80000,0x00000000ead80000)
  from space 512K, 87% used [0x00000000eae80000,0x00000000eaef0000,0x00000000eaf00000)
  to   space 512K, 0% used [0x00000000eae00000,0x00000000eae00000,0x00000000eae80000)
 ParOldGen       total 553472K, used 553130K [0x00000000c0000000, 0x00000000e1c80000, 0x00000000eab00000)
  object space 553472K, 99% used [0x00000000c0000000,0x00000000e1c2a9d8,0x00000000e1c80000)
 Metaspace       used 53828K, committed 55168K, reserved 1114112K
  class space    used 5688K, committed 6336K, reserved 1048576K
}
Event: 83.660 GC heap after
{Heap after GC invocations=701 (full 2):
 PSYoungGen      total 3072K, used 384K [0x00000000eab00000, 0x00000000eaf00000, 0x0000000100000000)
  eden space 2560K, 0% used [0x00000000eab00000,0x00000000eab00000,0x00000000ead80000)
  from space 512K, 75% used [0x00000000eae00000,0x00000000eae60000,0x00000000eae80000)
  to   space 512K, 0% used [0x00000000eae80000,0x00000000eae80000,0x00000000eaf00000)
 ParOldGen       total 553984K, used 553474K [0x00000000c0000000, 0x00000000e1d00000, 0x00000000eab00000)
  object space 553984K, 99% used [0x00000000c0000000,0x00000000e1c809d8,0x00000000e1d00000)
 Metaspace       used 53828K, committed 55168K, reserved 1114112K
  class space    used 5688K, committed 6336K, reserved 1048576K
}
Event: 83.682 GC heap before
{Heap before GC invocations=702 (full 2):
 PSYoungGen      total 3072K, used 2944K [0x00000000eab00000, 0x00000000eaf00000, 0x0000000100000000)
  eden space 2560K, 100% used [0x00000000eab00000,0x00000000ead80000,0x00000000ead80000)
  from space 512K, 75% used [0x00000000eae00000,0x00000000eae60000,0x00000000eae80000)
  to   space 512K, 0% used [0x00000000eae80000,0x00000000eae80000,0x00000000eaf00000)
 ParOldGen       total 553984K, used 553474K [0x00000000c0000000, 0x00000000e1d00000, 0x00000000eab00000)
  object space 553984K, 99% used [0x00000000c0000000,0x00000000e1c809d8,0x00000000e1d00000)
 Metaspace       used 53828K, committed 55168K, reserved 1114112K
  class space    used 5688K, committed 6336K, reserved 1048576K
}
Event: 83.685 GC heap after
{Heap after GC invocations=702 (full 2):
 PSYoungGen      total 3072K, used 352K [0x00000000eab00000, 0x00000000eaf00000, 0x0000000100000000)
  eden space 2560K, 0% used [0x00000000eab00000,0x00000000eab00000,0x00000000ead80000)
  from space 512K, 68% used [0x00000000eae80000,0x00000000eaed8000,0x00000000eaf00000)
  to   space 512K, 0% used [0x00000000eae00000,0x00000000eae00000,0x00000000eae80000)
 ParOldGen       total 553984K, used 553786K [0x00000000c0000000, 0x00000000e1d00000, 0x00000000eab00000)
  object space 553984K, 99% used [0x00000000c0000000,0x00000000e1cce9d8,0x00000000e1d00000)
 Metaspace       used 53828K, committed 55168K, reserved 1114112K
  class space    used 5688K, committed 6336K, reserved 1048576K
}
Event: 83.702 GC heap before
{Heap before GC invocations=703 (full 2):
 PSYoungGen      total 3072K, used 2912K [0x00000000eab00000, 0x00000000eaf00000, 0x0000000100000000)
  eden space 2560K, 100% used [0x00000000eab00000,0x00000000ead80000,0x00000000ead80000)
  from space 512K, 68% used [0x00000000eae80000,0x00000000eaed8000,0x00000000eaf00000)
  to   space 512K, 0% used [0x00000000eae00000,0x00000000eae00000,0x00000000eae80000)
 ParOldGen       total 553984K, used 553786K [0x00000000c0000000, 0x00000000e1d00000, 0x00000000eab00000)
  object space 553984K, 99% used [0x00000000c0000000,0x00000000e1cce9d8,0x00000000e1d00000)
 Metaspace       used 53828K, committed 55168K, reserved 1114112K
  class space    used 5688K, committed 6336K, reserved 1048576K
}
Event: 83.705 GC heap after
{Heap after GC invocations=703 (full 2):
 PSYoungGen      total 3072K, used 492K [0x00000000eab00000, 0x00000000eaf80000, 0x0000000100000000)
  eden space 2560K, 0% used [0x00000000eab00000,0x00000000eab00000,0x00000000ead80000)
  from space 512K, 96% used [0x00000000eae00000,0x00000000eae7b008,0x00000000eae80000)
  to   space 1024K, 0% used [0x00000000eae80000,0x00000000eae80000,0x00000000eaf80000)
 ParOldGen       total 554496K, used 554082K [0x00000000c0000000, 0x00000000e1d80000, 0x00000000eab00000)
  object space 554496K, 99% used [0x00000000c0000000,0x00000000e1d189d8,0x00000000e1d80000)
 Metaspace       used 53828K, committed 55168K, reserved 1114112K
  class space    used 5688K, committed 6336K, reserved 1048576K
}
Event: 83.718 GC heap before
{Heap before GC invocations=704 (full 2):
 PSYoungGen      total 3072K, used 3052K [0x00000000eab00000, 0x00000000eaf80000, 0x0000000100000000)
  eden space 2560K, 100% used [0x00000000eab00000,0x00000000ead80000,0x00000000ead80000)
  from space 512K, 96% used [0x00000000eae00000,0x00000000eae7b008,0x00000000eae80000)
  to   space 1024K, 0% used [0x00000000eae80000,0x00000000eae80000,0x00000000eaf80000)
 ParOldGen       total 554496K, used 554082K [0x00000000c0000000, 0x00000000e1d80000, 0x00000000eab00000)
  object space 554496K, 99% used [0x00000000c0000000,0x00000000e1d189d8,0x00000000e1d80000)
 Metaspace       used 53828K, committed 55168K, reserved 1114112K
  class space    used 5688K, committed 6336K, reserved 1048576K
}
Event: 83.720 GC heap after
{Heap after GC invocations=704 (full 2):
 PSYoungGen      total 3072K, used 480K [0x00000000eab00000, 0x00000000eaf00000, 0x0000000100000000)
  eden space 2560K, 0% used [0x00000000eab00000,0x00000000eab00000,0x00000000ead80000)
  from space 512K, 93% used [0x00000000eae80000,0x00000000eaef8000,0x00000000eaf00000)
  to   space 512K, 0% used [0x00000000eae00000,0x00000000eae00000,0x00000000eae80000)
 ParOldGen       total 554496K, used 554478K [0x00000000c0000000, 0x00000000e1d80000, 0x00000000eab00000)
  object space 554496K, 99% used [0x00000000c0000000,0x00000000e1d7b9e0,0x00000000e1d80000)
 Metaspace       used 53828K, committed 55168K, reserved 1114112K
  class space    used 5688K, committed 6336K, reserved 1048576K
}
Event: 83.734 GC heap before
{Heap before GC invocations=705 (full 2):
 PSYoungGen      total 3072K, used 3040K [0x00000000eab00000, 0x00000000eaf00000, 0x0000000100000000)
  eden space 2560K, 100% used [0x00000000eab00000,0x00000000ead80000,0x00000000ead80000)
  from space 512K, 93% used [0x00000000eae80000,0x00000000eaef8000,0x00000000eaf00000)
  to   space 512K, 0% used [0x00000000eae00000,0x00000000eae00000,0x00000000eae80000)
 ParOldGen       total 554496K, used 554478K [0x00000000c0000000, 0x00000000e1d80000, 0x00000000eab00000)
  object space 554496K, 99% used [0x00000000c0000000,0x00000000e1d7b9e0,0x00000000e1d80000)
 Metaspace       used 53828K, committed 55168K, reserved 1114112K
  class space    used 5688K, committed 6336K, reserved 1048576K
}
Event: 83.737 GC heap after
{Heap after GC invocations=705 (full 2):
 PSYoungGen      total 3072K, used 484K [0x00000000eab00000, 0x00000000eaf00000, 0x0000000100000000)
  eden space 2560K, 0% used [0x00000000eab00000,0x00000000eab00000,0x00000000ead80000)
  from space 512K, 94% used [0x00000000eae00000,0x00000000eae79328,0x00000000eae80000)
  to   space 512K, 0% used [0x00000000eae80000,0x00000000eae80000,0x00000000eaf00000)
 ParOldGen       total 555008K, used 554766K [0x00000000c0000000, 0x00000000e1e00000, 0x00000000eab00000)
  object space 555008K, 99% used [0x00000000c0000000,0x00000000e1dc39e0,0x00000000e1e00000)
 Metaspace       used 53828K, committed 55168K, reserved 1114112K
  class space    used 5688K, committed 6336K, reserved 1048576K
}
Event: 83.756 GC heap before
{Heap before GC invocations=706 (full 2):
 PSYoungGen      total 3072K, used 3044K [0x00000000eab00000, 0x00000000eaf00000, 0x0000000100000000)
  eden space 2560K, 100% used [0x00000000eab00000,0x00000000ead80000,0x00000000ead80000)
  from space 512K, 94% used [0x00000000eae00000,0x00000000eae79328,0x00000000eae80000)
  to   space 512K, 0% used [0x00000000eae80000,0x00000000eae80000,0x00000000eaf00000)
 ParOldGen       total 555008K, used 554766K [0x00000000c0000000, 0x00000000e1e00000, 0x00000000eab00000)
  object space 555008K, 99% used [0x00000000c0000000,0x00000000e1dc39e0,0x00000000e1e00000)
 Metaspace       used 53828K, committed 55168K, reserved 1114112K
  class space    used 5688K, committed 6336K, reserved 1048576K
}
Event: 83.759 GC heap after
{Heap after GC invocations=706 (full 2):
 PSYoungGen      total 3072K, used 480K [0x00000000eab00000, 0x00000000eaf00000, 0x0000000100000000)
  eden space 2560K, 0% used [0x00000000eab00000,0x00000000eab00000,0x00000000ead80000)
  from space 512K, 93% used [0x00000000eae80000,0x00000000eaef8000,0x00000000eaf00000)
  to   space 512K, 0% used [0x00000000eae00000,0x00000000eae00000,0x00000000eae80000)
 ParOldGen       total 555520K, used 555078K [0x00000000c0000000, 0x00000000e1e80000, 0x00000000eab00000)
  object space 555520K, 99% used [0x00000000c0000000,0x00000000e1e119e0,0x00000000e1e80000)
 Metaspace       used 53828K, committed 55168K, reserved 1114112K
  class space    used 5688K, committed 6336K, reserved 1048576K
}
Event: 83.771 GC heap before
{Heap before GC invocations=707 (full 2):
 PSYoungGen      total 3072K, used 3040K [0x00000000eab00000, 0x00000000eaf00000, 0x0000000100000000)
  eden space 2560K, 100% used [0x00000000eab00000,0x00000000ead80000,0x00000000ead80000)
  from space 512K, 93% used [0x00000000eae80000,0x00000000eaef8000,0x00000000eaf00000)
  to   space 512K, 0% used [0x00000000eae00000,0x00000000eae00000,0x00000000eae80000)
 ParOldGen       total 555520K, used 555078K [0x00000000c0000000, 0x00000000e1e80000, 0x00000000eab00000)
  object space 555520K, 99% used [0x00000000c0000000,0x00000000e1e119e0,0x00000000e1e80000)
 Metaspace       used 53828K, committed 55168K, reserved 1114112K
  class space    used 5688K, committed 6336K, reserved 1048576K
}
Event: 83.773 GC heap after
{Heap after GC invocations=707 (full 2):
 PSYoungGen      total 3072K, used 384K [0x00000000eab00000, 0x00000000eaf00000, 0x0000000100000000)
  eden space 2560K, 0% used [0x00000000eab00000,0x00000000eab00000,0x00000000ead80000)
  from space 512K, 75% used [0x00000000eae00000,0x00000000eae60000,0x00000000eae80000)
  to   space 512K, 0% used [0x00000000eae80000,0x00000000eae80000,0x00000000eaf00000)
 ParOldGen       total 555520K, used 555435K [0x00000000c0000000, 0x00000000e1e80000, 0x00000000eab00000)
  object space 555520K, 99% used [0x00000000c0000000,0x00000000e1e6aff0,0x00000000e1e80000)
 Metaspace       used 53828K, committed 55168K, reserved 1114112K
  class space    used 5688K, committed 6336K, reserved 1048576K
}
Event: 83.785 GC heap before
{Heap before GC invocations=708 (full 2):
 PSYoungGen      total 3072K, used 2944K [0x00000000eab00000, 0x00000000eaf00000, 0x0000000100000000)
  eden space 2560K, 100% used [0x00000000eab00000,0x00000000ead80000,0x00000000ead80000)
  from space 512K, 75% used [0x00000000eae00000,0x00000000eae60000,0x00000000eae80000)
  to   space 512K, 0% used [0x00000000eae80000,0x00000000eae80000,0x00000000eaf00000)
 ParOldGen       total 555520K, used 555435K [0x00000000c0000000, 0x00000000e1e80000, 0x00000000eab00000)
  object space 555520K, 99% used [0x00000000c0000000,0x00000000e1e6aff0,0x00000000e1e80000)
 Metaspace       used 53828K, committed 55168K, reserved 1114112K
  class space    used 5688K, committed 6336K, reserved 1048576K
}
Event: 83.788 GC heap after
{Heap after GC invocations=708 (full 2):
 PSYoungGen      total 3072K, used 352K [0x00000000eab00000, 0x00000000eaf00000, 0x0000000100000000)
  eden space 2560K, 0% used [0x00000000eab00000,0x00000000eab00000,0x00000000ead80000)
  from space 512K, 68% used [0x00000000eae80000,0x00000000eaed8000,0x00000000eaf00000)
  to   space 512K, 0% used [0x00000000eae00000,0x00000000eae00000,0x00000000eae80000)
 ParOldGen       total 556032K, used 555755K [0x00000000c0000000, 0x00000000e1f00000, 0x00000000eab00000)
  object space 556032K, 99% used [0x00000000c0000000,0x00000000e1ebaff0,0x00000000e1f00000)
 Metaspace       used 53828K, committed 55168K, reserved 1114112K
  class space    used 5688K, committed 6336K, reserved 1048576K
}

